<?xml version="1.0" encoding="UTF-8"?>
<coverage generated="1630412057383" clover="3.2.0">
  <project timestamp="1630412057383" name="All files">
    <metrics statements="6" coveredstatements="6" conditionals="3" coveredconditionals="2" methods="4" coveredmethods="4" elements="13" coveredelements="12" complexity="0" loc="6" ncloc="6" packages="4" files="5" classes="5">
      <package name="__test__">
        <metrics statements="1" coveredstatements="1" conditionals="0" coveredconditionals="0" methods="0" coveredmethods="0"/>
        <file name="setupTests.js" path="/home/casa/Documentos/Projetos/unittest/__test__/setupTests.js">
          <metrics statements="1" coveredstatements="1" conditionals="0" coveredconditionals="0" methods="0" coveredmethods="0"/>
          <line num="4" count="4" type="stmt"/>
        </file>
      </package>
      <package name="src.components">
        <metrics statements="2" coveredstatements="2" conditionals="1" coveredconditionals="1" methods="1" coveredmethods="1"/>
        <file name="AuthorCard.jsx" path="/home/casa/Documentos/Projetos/unittest/src/components/AuthorCard.jsx">
          <metrics statements="2" coveredstatements="2" conditionals="1" coveredconditionals="1" methods="1" coveredmethods="1"/>
          <line num="8" count="1" type="cond" truecount="1" falsecount="0"/>
          <line num="9" count="2" type="stmt"/>
        </file>
      </package>
      <package name="src.helpers">
        <metrics statements="2" coveredstatements="2" conditionals="2" coveredconditionals="1" methods="2" coveredmethods="2"/>
        <file name="hello.js" path="/home/casa/Documentos/Projetos/unittest/src/helpers/hello.js">
          <metrics statements="1" coveredstatements="1" conditionals="1" coveredconditionals="1" methods="1" coveredmethods="1"/>
          <line num="2" count="2" type="stmt"/>
        </file>
        <file name="limit.js" path="/home/casa/Documentos/Projetos/unittest/src/helpers/limit.js">
          <metrics statements="1" coveredstatements="1" conditionals="1" coveredconditionals="0" methods="1" coveredmethods="1"/>
          <line num="3" count="1" type="stmt"/>
        </file>
      </package>
      <package name="src.services">
        <metrics statements="1" coveredstatements="1" conditionals="0" coveredconditionals="0" methods="1" coveredmethods="1"/>
        <file name="transaction.js" path="/home/casa/Documentos/Projetos/unittest/src/services/transaction.js">
          <metrics statements="1" coveredstatements="1" conditionals="0" coveredconditionals="0" methods="1" coveredmethods="1"/>
          <line num="4" count="4" type="stmt"/>
        </file>
      </package>
    </metrics>
  </project>
</coverage>
