{"/home/casa/Documentos/Projetos/unittest/__test__/setupTests.js": {"path":"/home/casa/Documentos/Projetos/unittest/__test__/setupTests.js","statementMap":{"0":{"start":{"line":4,"column":0},"end":{"line":4,"column":44}}},"fnMap":{},"branchMap":{},"s":{"0":4},"f":{},"b":{},"_coverageSchema":"332fd63041d2c1bcb487cc26dd0d5f7d97098a6c","hash":"5e9a1606ec17fbb5040931e6743a8df2672f801d"}
,"/home/casa/Documentos/Projetos/unittest/src/components/AuthorCard.jsx": {"path":"/home/casa/Documentos/Projetos/unittest/src/components/AuthorCard.jsx","statementMap":{"0":{"start":{"line":8,"column":19},"end":{"line":13,"column":1}},"1":{"start":{"line":9,"column":2},"end":{"line":12,"column":8}}},"fnMap":{"0":{"name":"(anonymous_0)","decl":{"start":{"line":8,"column":19},"end":{"line":8,"column":20}},"loc":{"start":{"line":9,"column":2},"end":{"line":12,"column":8}},"line":9}},"branchMap":{"0":{"loc":{"start":{"line":8,"column":22},"end":{"line":8,"column":35}},"type":"default-arg","locations":[{"start":{"line":8,"column":33},"end":{"line":8,"column":35}}],"line":8}},"s":{"0":1,"1":2},"f":{"0":2},"b":{"0":[1]},"_coverageSchema":"332fd63041d2c1bcb487cc26dd0d5f7d97098a6c","hash":"5a93f5c87d5a8c3ece227247a13e902452605f18"}
,"/home/casa/Documentos/Projetos/unittest/src/helpers/hello.js": {"path":"/home/casa/Documentos/Projetos/unittest/src/helpers/hello.js","statementMap":{"0":{"start":{"line":2,"column":2},"end":{"line":2,"column":24}}},"fnMap":{"0":{"name":"setHelloText","decl":{"start":{"line":1,"column":16},"end":{"line":1,"column":28}},"loc":{"start":{"line":1,"column":41},"end":{"line":3,"column":1}},"line":1}},"branchMap":{"0":{"loc":{"start":{"line":1,"column":30},"end":{"line":1,"column":39}},"type":"default-arg","locations":[{"start":{"line":1,"column":37},"end":{"line":1,"column":39}}],"line":1}},"s":{"0":2},"f":{"0":2},"b":{"0":[1]},"_coverageSchema":"332fd63041d2c1bcb487cc26dd0d5f7d97098a6c","hash":"0aa199c9b1aa2f585e73363880931570186b68a7"}
,"/home/casa/Documentos/Projetos/unittest/src/helpers/limit.js": {"path":"/home/casa/Documentos/Projetos/unittest/src/helpers/limit.js","statementMap":{"0":{"start":{"line":3,"column":2},"end":{"line":3,"column":32}}},"fnMap":{"0":{"name":"toLimitText","decl":{"start":{"line":2,"column":16},"end":{"line":2,"column":27}},"loc":{"start":{"line":2,"column":40},"end":{"line":4,"column":1}},"line":2}},"branchMap":{"0":{"loc":{"start":{"line":2,"column":28},"end":{"line":2,"column":39}},"type":"default-arg","locations":[{"start":{"line":2,"column":37},"end":{"line":2,"column":39}}],"line":2}},"s":{"0":1},"f":{"0":1},"b":{"0":[0]},"_coverageSchema":"332fd63041d2c1bcb487cc26dd0d5f7d97098a6c","hash":"290f641ee1d24bc895c13ae3e50b9c7eb4893909"}
,"/home/casa/Documentos/Projetos/unittest/src/services/transaction.js": {"path":"/home/casa/Documentos/Projetos/unittest/src/services/transaction.js","statementMap":{"0":{"start":{"line":4,"column":2},"end":{"line":4,"column":37}}},"fnMap":{"0":{"name":"getTransaction","decl":{"start":{"line":3,"column":16},"end":{"line":3,"column":30}},"loc":{"start":{"line":3,"column":34},"end":{"line":5,"column":1}},"line":3}},"branchMap":{},"s":{"0":4},"f":{"0":4},"b":{},"_coverageSchema":"332fd63041d2c1bcb487cc26dd0d5f7d97098a6c","hash":"1871edbbf3e26f02065f2e925bd86bf54e968ad0"}
}
