TN:
SF:/home/casa/Documentos/Projetos/unittest/__test__/setupTests.js
FNF:0
FNH:0
DA:4,4
LF:1
LH:1
BRF:0
BRH:0
end_of_record
TN:
SF:/home/casa/Documentos/Projetos/unittest/src/components/AuthorCard.jsx
FN:8,(anonymous_0)
FNF:1
FNH:1
FNDA:2,(anonymous_0)
DA:8,1
DA:9,2
LF:2
LH:2
BRDA:8,0,0,1
BRF:1
BRH:1
end_of_record
TN:
SF:/home/casa/Documentos/Projetos/unittest/src/helpers/hello.js
FN:1,setHelloText
FNF:1
FNH:1
FNDA:2,setHelloText
DA:2,2
LF:1
LH:1
BRDA:1,0,0,1
BRF:1
BRH:1
end_of_record
TN:
SF:/home/casa/Documentos/Projetos/unittest/src/helpers/limit.js
FN:2,toLimitText
FNF:1
FNH:1
FNDA:1,toLimitText
DA:3,1
LF:1
LH:1
BRDA:2,0,0,0
BRF:1
BRH:0
end_of_record
TN:
SF:/home/casa/Documentos/Projetos/unittest/src/services/transaction.js
FN:3,getTransaction
FNF:1
FNH:1
FNDA:4,getTransaction
DA:4,4
LF:1
LH:1
BRF:0
BRH:0
end_of_record
